2025-09-19 13:59:30 - SignalLogger - INFO - Nhận data: VND, Giá: 22800.0, Thời gian: N/A
2025-09-19 13:59:30 - SignalLogger - INFO - Nhận data: VND, Giá: 22800.0, Thời gian: N/A
2025-09-19 13:59:31 - SignalLogger - INFO - Nhận data: VND, Giá: 22800.0, Thời gian: N/A
2025-09-19 13:59:31 - SignalLogger - INFO - Nhận data: VND, Giá: 22800.0, Thời gian: N/A
2025-09-19 13:59:31 - SignalLogger - INFO - Nhận data: VND, Giá: 22800.0, Thời gian: N/A
2025-09-19 13:59:31 - SignalLogger - INFO - Nhận data: HPG, Giá: 29000.0, Thời gian: N/A
2025-09-19 13:59:31 - SignalLogger - INFO - Nhận data: VND, Giá: 22800.0, Thời gian: N/A
2025-09-19 13:59:31 - SignalLogger - INFO - Nhận data: VND, Giá: 22800.0, Thời gian: N/A
2025-09-19 13:59:31 - SignalLogger - INFO - Nhận data: VND, Giá: 22800.0, Thời gian: N/A
2025-09-19 13:59:31 - SignalLogger - INFO - Nhận data: VND, Giá: 22800.0, Thời gian: N/A
2025-09-19 13:59:31 - SignalLogger - INFO - Nhận data: VND, Giá: 22800.0, Thời gian: N/A
2025-09-19 13:59:31 - SignalLogger - INFO - Nhận data: VND, Giá: 22800.0, Thời gian: N/A
2025-09-19 13:59:31 - SignalLogger - INFO - Nhận data: VND, Giá: 22800.0, Thời gian: N/A
2025-09-19 13:59:31 - SignalLogger - INFO - Nhận data: VND, Giá: 22800.0, Thời gian: N/A
2025-09-19 13:59:31 - SignalLogger - INFO - Nhận data: VND, Giá: 22800.0, Thời gian: N/A
2025-09-19 13:59:31 - SignalLogger - INFO - Nhận data: VND, Giá: 22800.0, Thời gian: N/A
2025-09-19 13:59:31 - SignalLogger - INFO - Nhận data: VND, Giá: 22800.0, Thời gian: N/A
2025-09-19 13:59:32 - SignalLogger - INFO - Nhận data: VND, Giá: 22800.0, Thời gian: N/A
2025-09-19 13:59:32 - SignalLogger - INFO - Nhận data: VND, Giá: 22800.0, Thời gian: N/A
2025-09-19 13:59:32 - SignalLogger - INFO - Nhận data: VND, Giá: 22800.0, Thời gian: N/A
2025-09-19 13:59:32 - SignalLogger - INFO - Nhận data: VCB, Giá: 63300.0, Thời gian: N/A
2025-09-19 13:59:32 - SignalLogger - INFO - Nhận data: VND, Giá: 22800.0, Thời gian: N/A
2025-09-19 13:59:32 - SignalLogger - INFO - Nhận data: VCB, Giá: 63300.0, Thời gian: N/A
2025-09-19 13:59:32 - SignalLogger - INFO - Nhận data: SSI, Giá: 40800.0, Thời gian: N/A
2025-09-19 13:59:32 - SignalLogger - INFO - Nhận data: VND, Giá: 22800.0, Thời gian: N/A
2025-09-19 13:59:32 - SignalLogger - INFO - Nhận data: VNM, Giá: 62900.0, Thời gian: N/A
2025-09-19 13:59:32 - SignalLogger - INFO - Nhận data: SSI, Giá: 40800.0, Thời gian: N/A
2025-09-19 13:59:32 - SignalLogger - INFO - Nhận data: VND, Giá: 22800.0, Thời gian: N/A
2025-09-19 13:59:32 - SignalLogger - INFO - Nhận data: VND, Giá: 22800.0, Thời gian: N/A
2025-09-19 13:59:32 - SignalLogger - INFO - Nhận data: VND, Giá: 22800.0, Thời gian: N/A
2025-09-19 13:59:32 - SignalLogger - INFO - Nhận data: VND, Giá: 22800.0, Thời gian: N/A
2025-09-19 13:59:32 - SignalLogger - INFO - Nhận data: VND, Giá: 22800.0, Thời gian: N/A
2025-09-19 13:59:32 - SignalLogger - INFO - Nhận data: VND, Giá: 22800.0, Thời gian: N/A
2025-09-19 13:59:32 - SignalLogger - INFO - Nhận data: VND, Giá: 22800.0, Thời gian: N/A
2025-09-19 13:59:32 - SignalLogger - INFO - Nhận data: VND, Giá: 22800.0, Thời gian: N/A
2025-09-19 13:59:33 - SignalLogger - INFO - Nhận data: VND, Giá: 22800.0, Thời gian: N/A
2025-09-19 13:59:33 - SignalLogger - INFO - Nhận data: VND, Giá: 22800.0, Thời gian: N/A
2025-09-19 13:59:33 - SignalLogger - INFO - Nhận data: VND, Giá: 22800.0, Thời gian: N/A
2025-09-19 13:59:33 - SignalLogger - INFO - Nhận data: VND, Giá: 22800.0, Thời gian: N/A
2025-09-19 13:59:33 - SignalLogger - INFO - Nhận data: VND, Giá: 22800.0, Thời gian: N/A
2025-09-19 13:59:33 - SignalLogger - INFO - Nhận data: MSN, Giá: 83700.0, Thời gian: N/A
2025-09-19 13:59:33 - SignalLogger - INFO - Nhận data: VND, Giá: 22800.0, Thời gian: N/A
2025-09-19 13:59:33 - SignalLogger - INFO - Nhận data: VND, Giá: 22800.0, Thời gian: N/A
2025-09-19 13:59:33 - SignalLogger - INFO - Nhận data: VND, Giá: 22800.0, Thời gian: N/A
2025-09-19 13:59:33 - SignalLogger - INFO - Nhận data: VND, Giá: 22800.0, Thời gian: N/A
2025-09-19 13:59:33 - SignalLogger - INFO - Nhận data: VND, Giá: 22800.0, Thời gian: N/A
2025-09-19 13:59:33 - SignalLogger - INFO - Nhận data: VND, Giá: 22800.0, Thời gian: N/A
2025-09-19 13:59:33 - SignalLogger - INFO - Nhận data: VND, Giá: 22800.0, Thời gian: N/A
2025-09-19 13:59:33 - SignalLogger - INFO - Nhận data: VND, Giá: 22800.0, Thời gian: N/A
2025-09-19 13:59:34 - SignalLogger - INFO - Nhận data: VND, Giá: 22800.0, Thời gian: N/A
2025-09-19 13:59:34 - SignalLogger - INFO - Nhận data: VND, Giá: 22800.0, Thời gian: N/A
2025-09-19 13:59:34 - SignalLogger - INFO - Nhận data: SSI, Giá: 40800.0, Thời gian: N/A
2025-09-19 13:59:34 - SignalLogger - INFO - Nhận data: VND, Giá: 22800.0, Thời gian: N/A
2025-09-19 13:59:34 - SignalLogger - INFO - Nhận data: VND, Giá: 22800.0, Thời gian: N/A
2025-09-19 13:59:34 - SignalLogger - INFO - Nhận data: VND, Giá: 22800.0, Thời gian: N/A
2025-09-19 13:59:34 - SignalLogger - INFO - Nhận data: VND, Giá: 22800.0, Thời gian: N/A
2025-09-19 13:59:34 - SignalLogger - INFO - Nhận data: VND, Giá: 22800.0, Thời gian: N/A
2025-09-19 13:59:34 - SignalLogger - INFO - Nhận data: VND, Giá: 22800.0, Thời gian: N/A
2025-09-19 13:59:34 - SignalLogger - INFO - Nhận data: VND, Giá: 22800.0, Thời gian: N/A
2025-09-19 13:59:34 - SignalLogger - INFO - Nhận data: VND, Giá: 22800.0, Thời gian: N/A
2025-09-19 13:59:34 - SignalLogger - INFO - Nhận data: VND, Giá: 22800.0, Thời gian: N/A
2025-09-19 13:59:35 - SignalLogger - INFO - Nhận data: VND, Giá: 22800.0, Thời gian: N/A
2025-09-19 13:59:35 - SignalLogger - INFO - Nhận data: ACB, Giá: 25400.0, Thời gian: N/A
2025-09-19 13:59:36 - SignalLogger - INFO - Nhận data: VND, Giá: 22800.0, Thời gian: N/A
2025-09-19 13:59:36 - SignalLogger - INFO - Nhận data: VND, Giá: 22800.0, Thời gian: N/A
2025-09-19 13:59:36 - SignalLogger - INFO - Nhận data: VND, Giá: 22800.0, Thời gian: N/A
2025-09-19 13:59:36 - SignalLogger - INFO - Nhận data: VND, Giá: 22800.0, Thời gian: N/A
2025-09-19 13:59:36 - SignalLogger - INFO - Nhận data: VND, Giá: 22800.0, Thời gian: N/A
2025-09-19 13:59:36 - SignalLogger - INFO - Nhận data: VND, Giá: 22800.0, Thời gian: N/A
2025-09-19 13:59:36 - SignalLogger - INFO - Nhận data: VND, Giá: 22800.0, Thời gian: N/A
2025-09-19 13:59:36 - SignalLogger - INFO - Nhận data: VND, Giá: 22800.0, Thời gian: N/A
2025-09-19 13:59:36 - SignalLogger - INFO - Nhận data: VND, Giá: 22800.0, Thời gian: N/A
2025-09-19 13:59:36 - SignalLogger - INFO - Nhận data: VND, Giá: 22800.0, Thời gian: N/A
2025-09-19 13:59:36 - SignalLogger - INFO - Nhận data: VND, Giá: 22800.0, Thời gian: N/A
2025-09-19 13:59:36 - SignalLogger - INFO - Nhận data: VND, Giá: 22800.0, Thời gian: N/A
2025-09-19 13:59:36 - SignalLogger - INFO - Nhận data: VND, Giá: 22800.0, Thời gian: N/A
2025-09-19 13:59:36 - SignalLogger - INFO - Nhận data: VND, Giá: 22800.0, Thời gian: N/A
2025-09-19 13:59:36 - SignalLogger - INFO - Nhận data: VND, Giá: 22800.0, Thời gian: N/A
2025-09-19 13:59:36 - SignalLogger - INFO - Nhận data: VCB, Giá: 63300.0, Thời gian: N/A
2025-09-19 13:59:36 - SignalLogger - INFO - Nhận data: VND, Giá: 22800.0, Thời gian: N/A
2025-09-19 13:59:37 - SignalLogger - INFO - Nhận data: VND, Giá: 22800.0, Thời gian: N/A
2025-09-19 13:59:37 - SignalLogger - INFO - Nhận data: VND, Giá: 22800.0, Thời gian: N/A
2025-09-19 13:59:37 - SignalLogger - INFO - Nhận data: VCB, Giá: 63300.0, Thời gian: N/A
2025-09-19 13:59:37 - SignalLogger - INFO - Nhận data: VND, Giá: 22800.0, Thời gian: N/A
2025-09-19 13:59:37 - SignalLogger - INFO - Nhận data: VCB, Giá: 63300.0, Thời gian: N/A
2025-09-19 13:59:37 - SignalLogger - INFO - Nhận data: VND, Giá: 22800.0, Thời gian: N/A
2025-09-19 13:59:37 - SignalLogger - INFO - Nhận data: VCB, Giá: 63300.0, Thời gian: N/A
2025-09-19 13:59:37 - SignalLogger - INFO - Nhận data: VND, Giá: 22800.0, Thời gian: N/A
2025-09-19 13:59:38 - SignalLogger - INFO - Nhận data: VND, Giá: 22800.0, Thời gian: N/A
2025-09-19 13:59:38 - SignalLogger - INFO - Nhận data: VND, Giá: 22800.0, Thời gian: N/A
2025-09-19 13:59:38 - SignalLogger - INFO - Nhận data: VND, Giá: 22800.0, Thời gian: N/A
2025-09-19 13:59:38 - SignalLogger - INFO - Nhận data: VND, Giá: 22800.0, Thời gian: N/A
2025-09-19 13:59:38 - SignalLogger - INFO - Nhận data: VND, Giá: 22800.0, Thời gian: N/A
2025-09-19 13:59:38 - SignalLogger - INFO - Nhận data: VND, Giá: 22800.0, Thời gian: N/A
2025-09-19 13:59:38 - SignalLogger - INFO - Nhận data: VND, Giá: 22800.0, Thời gian: N/A
2025-09-19 13:59:38 - SignalLogger - INFO - Nhận data: VND, Giá: 22800.0, Thời gian: N/A
2025-09-19 13:59:39 - SignalLogger - INFO - Nhận data: VCB, Giá: 63300.0, Thời gian: N/A
2025-09-19 13:59:39 - SignalLogger - INFO - Nhận data: VND, Giá: 22800.0, Thời gian: N/A
2025-09-19 13:59:39 - SignalLogger - INFO - Nhận data: SSI, Giá: 40800.0, Thời gian: N/A
2025-09-19 13:59:39 - SignalLogger - INFO - Nhận data: VND, Giá: 22800.0, Thời gian: N/A
2025-09-19 13:59:39 - SignalLogger - INFO - Nhận data: SSI, Giá: 40800.0, Thời gian: N/A
2025-09-19 13:59:39 - SignalLogger - INFO - Nhận data: VND, Giá: 22800.0, Thời gian: N/A
2025-09-19 13:59:39 - SignalLogger - INFO - Nhận data: VND, Giá: 22800.0, Thời gian: N/A
2025-09-19 13:59:39 - SignalLogger - INFO - Nhận data: VND, Giá: 22800.0, Thời gian: N/A
2025-09-19 13:59:39 - SignalLogger - INFO - Nhận data: VND, Giá: 22750.0, Thời gian: N/A
2025-09-19 13:59:39 - SignalLogger - WARNING - --- CẢNH BÁO TÍN HIỆU ---
 Cổ phiếu: VND
 Tín hiệu: Cảnh báo rủi ro (bắt đáy nguy hiểm)
 Giá hiện tại: 22750.0
 Chi tiết: RSI(0.00) quá bán nhưng xu hướng giảm vẫn còn rất mạnh (ADX=100.00).
 Thời gian: 2025-09-19 13:59:39
2025-09-19 13:59:40 - SignalLogger - WARNING - Thông tin Telegram chưa được cấu hình. Bỏ qua việc gửi tin nhắn.
2025-09-19 13:59:40 - SignalLogger - INFO - Nhận data: VND, Giá: 22750.0, Thời gian: N/A
2025-09-19 13:59:40 - SignalLogger - WARNING - --- CẢNH BÁO TÍN HIỆU ---
 Cổ phiếu: VND
 Tín hiệu: Cảnh báo rủi ro (bắt đáy nguy hiểm)
 Giá hiện tại: 22750.0
 Chi tiết: RSI(0.00) quá bán nhưng xu hướng giảm vẫn còn rất mạnh (ADX=100.00).
 Thời gian: 2025-09-19 13:59:40
2025-09-19 13:59:40 - SignalLogger - WARNING - Thông tin Telegram chưa được cấu hình. Bỏ qua việc gửi tin nhắn.
2025-09-19 13:59:40 - SignalLogger - INFO - Nhận data: VND, Giá: 22750.0, Thời gian: N/A
2025-09-19 13:59:40 - SignalLogger - WARNING - --- CẢNH BÁO TÍN HIỆU ---
 Cổ phiếu: VND
 Tín hiệu: Cảnh báo rủi ro (bắt đáy nguy hiểm)
 Giá hiện tại: 22750.0
 Chi tiết: RSI(0.00) quá bán nhưng xu hướng giảm vẫn còn rất mạnh (ADX=100.00).
 Thời gian: 2025-09-19 13:59:40
2025-09-19 13:59:41 - SignalLogger - INFO - Nhận data: HPG, Giá: 29000.0, Thời gian: N/A
2025-09-19 13:59:41 - SignalLogger - INFO - Nhận data: MWG, Giá: 77900.0, Thời gian: N/A
2025-09-19 13:59:41 - SignalLogger - WARNING - Thông tin Telegram chưa được cấu hình. Bỏ qua việc gửi tin nhắn.
2025-09-19 13:59:41 - SignalLogger - INFO - Nhận data: VNM, Giá: 62900.0, Thời gian: N/A
2025-09-19 13:59:42 - SignalLogger - INFO - Nhận data: VNM, Giá: 62900.0, Thời gian: N/A
2025-09-19 13:59:42 - SignalLogger - INFO - Nhận data: MWG, Giá: 77800.0, Thời gian: N/A
2025-09-19 13:59:42 - SignalLogger - INFO - Nhận data: VND, Giá: 22750.0, Thời gian: N/A
2025-09-19 13:59:44 - SignalLogger - WARNING - --- CẢNH BÁO TÍN HIỆU ---
 Cổ phiếu: VND
 Tín hiệu: Cảnh báo rủi ro (bắt đáy nguy hiểm)
 Giá hiện tại: 22750.0
 Chi tiết: RSI(0.00) quá bán nhưng xu hướng giảm vẫn còn rất mạnh (ADX=100.00).
 Thời gian: 2025-09-19 13:59:44
2025-09-19 13:59:44 - SignalLogger - WARNING - Thông tin Telegram chưa được cấu hình. Bỏ qua việc gửi tin nhắn.
2025-09-19 13:59:44 - SignalLogger - INFO - Nhận data: VND, Giá: 22750.0, Thời gian: N/A
2025-09-19 13:59:44 - SignalLogger - WARNING - --- CẢNH BÁO TÍN HIỆU ---
 Cổ phiếu: VND
 Tín hiệu: Cảnh báo rủi ro (bắt đáy nguy hiểm)
 Giá hiện tại: 22750.0
 Chi tiết: RSI(0.00) quá bán nhưng xu hướng giảm vẫn còn rất mạnh (ADX=100.00).
 Thời gian: 2025-09-19 13:59:44
2025-09-19 13:59:44 - SignalLogger - WARNING - Thông tin Telegram chưa được cấu hình. Bỏ qua việc gửi tin nhắn.
2025-09-19 13:59:44 - SignalLogger - INFO - Nhận data: VND, Giá: 22750.0, Thời gian: N/A
2025-09-19 13:59:44 - SignalLogger - WARNING - --- CẢNH BÁO TÍN HIỆU ---
 Cổ phiếu: VND
 Tín hiệu: Cảnh báo rủi ro (bắt đáy nguy hiểm)
 Giá hiện tại: 22750.0
 Chi tiết: RSI(0.00) quá bán nhưng xu hướng giảm vẫn còn rất mạnh (ADX=100.00).
 Thời gian: 2025-09-19 13:59:44
2025-09-19 13:59:44 - SignalLogger - WARNING - Thông tin Telegram chưa được cấu hình. Bỏ qua việc gửi tin nhắn.
2025-09-19 13:59:44 - SignalLogger - INFO - Nhận data: HPG, Giá: 28950.0, Thời gian: N/A
2025-09-19 13:59:44 - SignalLogger - INFO - Nhận data: VND, Giá: 22750.0, Thời gian: N/A
2025-09-19 13:59:44 - SignalLogger - WARNING - --- CẢNH BÁO TÍN HIỆU ---
 Cổ phiếu: VND
 Tín hiệu: Cảnh báo rủi ro (bắt đáy nguy hiểm)
 Giá hiện tại: 22750.0
 Chi tiết: RSI(0.00) quá bán nhưng xu hướng giảm vẫn còn rất mạnh (ADX=100.00).
 Thời gian: 2025-09-19 13:59:44
2025-09-19 13:59:44 - SignalLogger - WARNING - Thông tin Telegram chưa được cấu hình. Bỏ qua việc gửi tin nhắn.
2025-09-19 13:59:44 - SignalLogger - INFO - Nhận data: VND, Giá: 22750.0, Thời gian: N/A
2025-09-19 13:59:44 - SignalLogger - WARNING - --- CẢNH BÁO TÍN HIỆU ---
 Cổ phiếu: VND
 Tín hiệu: Cảnh báo rủi ro (bắt đáy nguy hiểm)
 Giá hiện tại: 22750.0
 Chi tiết: RSI(0.00) quá bán nhưng xu hướng giảm vẫn còn rất mạnh (ADX=100.00).
 Thời gian: 2025-09-19 13:59:44
2025-09-19 13:59:45 - SignalLogger - INFO - Nhận data: HPG, Giá: 28950.0, Thời gian: N/A
2025-09-19 13:59:45 - SignalLogger - INFO - Nhận data: VCB, Giá: 63300.0, Thời gian: N/A
2025-09-19 13:59:45 - SignalLogger - WARNING - Thông tin Telegram chưa được cấu hình. Bỏ qua việc gửi tin nhắn.
2025-09-19 13:59:45 - SignalLogger - INFO - Nhận data: VND, Giá: 22750.0, Thời gian: N/A
2025-09-19 13:59:45 - SignalLogger - WARNING - --- CẢNH BÁO TÍN HIỆU ---
 Cổ phiếu: VND
 Tín hiệu: Cảnh báo rủi ro (bắt đáy nguy hiểm)
 Giá hiện tại: 22750.0
 Chi tiết: RSI(0.00) quá bán nhưng xu hướng giảm vẫn còn rất mạnh (ADX=100.00).
 Thời gian: 2025-09-19 13:59:45
2025-09-19 13:59:45 - SignalLogger - WARNING - Thông tin Telegram chưa được cấu hình. Bỏ qua việc gửi tin nhắn.
2025-09-19 13:59:45 - SignalLogger - INFO - Nhận data: VND, Giá: 22750.0, Thời gian: N/A
2025-09-19 13:59:45 - SignalLogger - WARNING - --- CẢNH BÁO TÍN HIỆU ---
 Cổ phiếu: VND
 Tín hiệu: Cảnh báo rủi ro (bắt đáy nguy hiểm)
 Giá hiện tại: 22750.0
 Chi tiết: RSI(0.00) quá bán nhưng xu hướng giảm vẫn còn rất mạnh (ADX=100.00).
 Thời gian: 2025-09-19 13:59:45
2025-09-19 13:59:45 - SignalLogger - WARNING - Thông tin Telegram chưa được cấu hình. Bỏ qua việc gửi tin nhắn.
2025-09-19 13:59:45 - SignalLogger - INFO - Nhận data: VND, Giá: 22750.0, Thời gian: N/A
2025-09-19 13:59:45 - SignalLogger - WARNING - --- CẢNH BÁO TÍN HIỆU ---
 Cổ phiếu: VND
 Tín hiệu: Cảnh báo rủi ro (bắt đáy nguy hiểm)
 Giá hiện tại: 22750.0
 Chi tiết: RSI(0.00) quá bán nhưng xu hướng giảm vẫn còn rất mạnh (ADX=100.00).
 Thời gian: 2025-09-19 13:59:45
2025-09-19 13:59:45 - SignalLogger - WARNING - Thông tin Telegram chưa được cấu hình. Bỏ qua việc gửi tin nhắn.
2025-09-19 13:59:45 - SignalLogger - INFO - Nhận data: VND, Giá: 22750.0, Thời gian: N/A
2025-09-19 13:59:45 - SignalLogger - WARNING - --- CẢNH BÁO TÍN HIỆU ---
 Cổ phiếu: VND
 Tín hiệu: Cảnh báo rủi ro (bắt đáy nguy hiểm)
 Giá hiện tại: 22750.0
 Chi tiết: RSI(0.00) quá bán nhưng xu hướng giảm vẫn còn rất mạnh (ADX=100.00).
 Thời gian: 2025-09-19 13:59:45
2025-09-19 13:59:45 - SignalLogger - WARNING - Thông tin Telegram chưa được cấu hình. Bỏ qua việc gửi tin nhắn.
2025-09-19 13:59:45 - SignalLogger - INFO - Nhận data: VND, Giá: 22750.0, Thời gian: N/A
2025-09-19 13:59:45 - SignalLogger - WARNING - --- CẢNH BÁO TÍN HIỆU ---
 Cổ phiếu: VND
 Tín hiệu: Cảnh báo rủi ro (bắt đáy nguy hiểm)
 Giá hiện tại: 22750.0
 Chi tiết: RSI(0.00) quá bán nhưng xu hướng giảm vẫn còn rất mạnh (ADX=100.00).
 Thời gian: 2025-09-19 13:59:45
2025-09-19 13:59:45 - SignalLogger - WARNING - Thông tin Telegram chưa được cấu hình. Bỏ qua việc gửi tin nhắn.
2025-09-19 13:59:45 - SignalLogger - INFO - Nhận data: VND, Giá: 22750.0, Thời gian: N/A
2025-09-19 13:59:45 - SignalLogger - WARNING - --- CẢNH BÁO TÍN HIỆU ---
 Cổ phiếu: VND
 Tín hiệu: Cảnh báo rủi ro (bắt đáy nguy hiểm)
 Giá hiện tại: 22750.0
 Chi tiết: RSI(0.00) quá bán nhưng xu hướng giảm vẫn còn rất mạnh (ADX=100.00).
 Thời gian: 2025-09-19 13:59:45
2025-09-19 13:59:46 - SignalLogger - INFO - Nhận data: MSN, Giá: 83800.0, Thời gian: N/A
2025-09-19 13:59:46 - SignalLogger - INFO - Nhận data: MSN, Giá: 83800.0, Thời gian: N/A
2025-09-19 13:59:46 - SignalLogger - WARNING - Thông tin Telegram chưa được cấu hình. Bỏ qua việc gửi tin nhắn.
2025-09-19 13:59:46 - SignalLogger - INFO - Nhận data: SSI, Giá: 40850.0, Thời gian: N/A
2025-09-19 13:59:46 - SignalLogger - INFO - Nhận data: VND, Giá: 22750.0, Thời gian: N/A
2025-09-19 13:59:49 - SignalLogger - WARNING - --- CẢNH BÁO TÍN HIỆU ---
 Cổ phiếu: VND
 Tín hiệu: Mua mới
 Giá hiện tại: 22750.0
 Chi tiết: Momentum (RSI) và Trend (MACD) đều xác nhận mua.
 Thời gian: 2025-09-19 13:59:49
2025-09-19 13:59:49 - SignalLogger - WARNING - Thông tin Telegram chưa được cấu hình. Bỏ qua việc gửi tin nhắn.
2025-09-19 13:59:50 - SignalLogger - INFO - Nhận data: VND, Giá: 22750.0, Thời gian: N/A
2025-09-19 13:59:50 - SignalLogger - WARNING - --- CẢNH BÁO TÍN HIỆU ---
 Cổ phiếu: VND
 Tín hiệu: Cảnh báo rủi ro (bắt đáy nguy hiểm)
 Giá hiện tại: 22750.0
 Chi tiết: RSI(0.00) quá bán nhưng xu hướng giảm vẫn còn rất mạnh (ADX=100.00).
 Thời gian: 2025-09-19 13:59:50
2025-09-19 13:59:51 - SignalLogger - WARNING - Thông tin Telegram chưa được cấu hình. Bỏ qua việc gửi tin nhắn.
2025-09-19 13:59:51 - SignalLogger - INFO - Nhận data: VND, Giá: 22750.0, Thời gian: N/A
2025-09-19 13:59:51 - SignalLogger - WARNING - --- CẢNH BÁO TÍN HIỆU ---
 Cổ phiếu: VND
 Tín hiệu: Cảnh báo rủi ro (bắt đáy nguy hiểm)
 Giá hiện tại: 22750.0
 Chi tiết: RSI(0.00) quá bán nhưng xu hướng giảm vẫn còn rất mạnh (ADX=100.00).
 Thời gian: 2025-09-19 13:59:51
2025-09-19 13:59:51 - SignalLogger - INFO - Nhận data: SSI, Giá: 40850.0, Thời gian: N/A
2025-09-19 13:59:51 - SignalLogger - INFO - Nhận data: ACB, Giá: 25400.0, Thời gian: N/A
2025-09-19 13:59:52 - SignalLogger - INFO - Nhận data: VCB, Giá: 63300.0, Thời gian: N/A
2025-09-19 13:59:52 - SignalLogger - INFO - Nhận data: SSI, Giá: 40800.0, Thời gian: N/A
2025-09-19 13:59:52 - SignalLogger - INFO - Nhận data: MWG, Giá: 77800.0, Thời gian: N/A
2025-09-19 13:59:52 - SignalLogger - INFO - Nhận data: HPG, Giá: 29000.0, Thời gian: N/A
2025-09-19 13:59:52 - SignalLogger - WARNING - Thông tin Telegram chưa được cấu hình. Bỏ qua việc gửi tin nhắn.
2025-09-19 13:59:52 - SignalLogger - INFO - Nhận data: VCB, Giá: 63300.0, Thời gian: N/A
2025-09-19 13:59:52 - SignalLogger - INFO - Nhận data: MSN, Giá: 83800.0, Thời gian: N/A
2025-09-19 13:59:52 - SignalLogger - INFO - Nhận data: SSI, Giá: 40800.0, Thời gian: N/A
2025-09-19 13:59:52 - SignalLogger - INFO - Nhận data: HPG, Giá: 29000.0, Thời gian: N/A
2025-09-19 13:59:52 - SignalLogger - INFO - Nhận data: MWG, Giá: 77900.0, Thời gian: N/A
2025-09-19 13:59:52 - SignalLogger - INFO - Nhận data: VNM, Giá: 63000.0, Thời gian: N/A
2025-09-19 13:59:53 - SignalLogger - INFO - Nhận data: VCB, Giá: 63300.0, Thời gian: N/A
2025-09-19 13:59:53 - SignalLogger - INFO - Nhận data: VIC, Giá: 146100.0, Thời gian: N/A
2025-09-19 13:59:53 - SignalLogger - INFO - Nhận data: MSN, Giá: 83800.0, Thời gian: N/A
2025-09-19 13:59:53 - SignalLogger - INFO - Nhận data: VND, Giá: 22750.0, Thời gian: N/A
2025-09-19 13:59:54 - SignalLogger - INFO - Nhận data: SSI, Giá: 40800.0, Thời gian: N/A
2025-09-19 13:59:54 - SignalLogger - INFO - Nhận data: MWG, Giá: 77800.0, Thời gian: N/A
2025-09-19 13:59:55 - SignalLogger - WARNING - --- CẢNH BÁO TÍN HIỆU ---
 Cổ phiếu: VNM
 Tín hiệu: Mua mới
 Giá hiện tại: 63000.0
 Chi tiết: Momentum (Stoch) và Trend (MACD) đều xác nhận mua.
 Thời gian: 2025-09-19 13:59:55
2025-09-19 13:59:55 - SignalLogger - INFO - Nhận data: VCB, Giá: 63300.0, Thời gian: N/A
2025-09-19 13:59:55 - SignalLogger - INFO - Nhận data: VIC, Giá: 146000.0, Thời gian: N/A
2025-09-19 13:59:55 - SignalLogger - WARNING - --- CẢNH BÁO TÍN HIỆU ---
 Cổ phiếu: VND
 Tín hiệu: Cảnh báo rủi ro (bắt đáy nguy hiểm)
 Giá hiện tại: 22750.0
 Chi tiết: RSI(0.00) quá bán nhưng xu hướng giảm vẫn còn rất mạnh (ADX=100.00).
 Thời gian: 2025-09-19 13:59:55
2025-09-19 13:59:55 - SignalLogger - INFO - Nhận data: SSI, Giá: 40800.0, Thời gian: N/A
2025-09-19 13:59:55 - SignalLogger - INFO - Nhận data: MSN, Giá: 83800.0, Thời gian: N/A
2025-09-19 13:59:55 - SignalLogger - INFO - Nhận data: VCB, Giá: 63300.0, Thời gian: N/A
2025-09-19 13:59:56 - SignalLogger - WARNING - --- CẢNH BÁO TÍN HIỆU ---
 Cổ phiếu: VIC
 Tín hiệu: Bán chốt lời
 Giá hiện tại: 146000.0
 Chi tiết: Momentum (Stoch) và Trend (MACD) đều xác nhận bán.
 Thời gian: 2025-09-19 13:59:56
2025-09-19 13:59:57 - SignalLogger - INFO - Nhận data: SSI, Giá: 40800.0, Thời gian: N/A
2025-09-19 13:59:57 - SignalLogger - WARNING - Thông tin Telegram chưa được cấu hình. Bỏ qua việc gửi tin nhắn.
2025-09-19 13:59:58 - SignalLogger - INFO - Nhận data: MSN, Giá: 83800.0, Thời gian: N/A
2025-09-19 13:59:59 - SignalLogger - WARNING - Thông tin Telegram chưa được cấu hình. Bỏ qua việc gửi tin nhắn.
2025-09-19 13:59:59 - SignalLogger - INFO - Nhận data: SSI, Giá: 40800.0, Thời gian: N/A
2025-09-19 13:59:59 - SignalLogger - WARNING - Thông tin Telegram chưa được cấu hình. Bỏ qua việc gửi tin nhắn.
2025-09-19 14:00:00 - SignalLogger - INFO - Nhận data: VNM, Giá: 63000.0, Thời gian: N/A
2025-09-19 14:00:00 - SignalLogger - INFO - Nhận data: HPG, Giá: 29000.0, Thời gian: N/A
2025-09-19 14:00:01 - SignalLogger - INFO - Nhận data: SSI, Giá: 40800.0, Thời gian: N/A
2025-09-19 14:00:01 - SignalLogger - INFO - Nhận data: ACB, Giá: 25400.0, Thời gian: N/A
2025-09-19 14:00:01 - SignalLogger - INFO - Nhận data: VNM, Giá: 63000.0, Thời gian: N/A
2025-09-19 14:00:01 - SignalLogger - INFO - Nhận data: VIC, Giá: 146000.0, Thời gian: N/A
2025-09-19 14:00:01 - SignalLogger - INFO - Nhận data: SSI, Giá: 40800.0, Thời gian: N/A
2025-09-19 14:00:01 - SignalLogger - INFO - Nhận data: VND, Giá: 22750.0, Thời gian: N/A
2025-09-19 14:00:01 - SignalLogger - INFO - Nhận data: MWG, Giá: 77800.0, Thời gian: N/A
2025-09-19 14:00:01 - SignalLogger - INFO - Nhận data: MSN, Giá: 83800.0, Thời gian: N/A
2025-09-19 14:00:01 - SignalLogger - INFO - Nhận data: VNM, Giá: 63000.0, Thời gian: N/A
2025-09-19 14:00:02 - SignalLogger - INFO - Nhận data: ACB, Giá: 25400.0, Thời gian: N/A
2025-09-19 14:00:02 - SignalLogger - INFO - Nhận data: SSI, Giá: 40800.0, Thời gian: N/A
2025-09-19 14:00:02 - SignalLogger - INFO - Nhận data: HPG, Giá: 28950.0, Thời gian: N/A
2025-09-19 14:00:02 - SignalLogger - WARNING - --- CẢNH BÁO TÍN HIỆU ---
 Cổ phiếu: VND
 Tín hiệu: Cảnh báo rủi ro (bắt đáy nguy hiểm)
 Giá hiện tại: 22750.0
 Chi tiết: RSI(0.00) quá bán nhưng xu hướng giảm vẫn còn rất mạnh (ADX=100.00).
 Thời gian: 2025-09-19 14:00:02
2025-09-19 14:00:02 - SignalLogger - INFO - Nhận data: MWG, Giá: 77800.0, Thời gian: N/A
2025-09-19 14:00:02 - SignalLogger - INFO - Nhận data: VNM, Giá: 63000.0, Thời gian: N/A
2025-09-19 14:00:02 - SignalLogger - INFO - Nhận data: VIC, Giá: 146000.0, Thời gian: N/A
2025-09-19 14:00:02 - SignalLogger - INFO - Nhận data: ACB, Giá: 25400.0, Thời gian: N/A
2025-09-19 14:00:02 - SignalLogger - INFO - Nhận data: SSI, Giá: 40800.0, Thời gian: N/A
2025-09-19 14:00:03 - SignalLogger - INFO - Nhận data: MWG, Giá: 77800.0, Thời gian: N/A
2025-09-19 14:00:03 - SignalLogger - INFO - Nhận data: ACB, Giá: 25400.0, Thời gian: N/A
2025-09-19 14:00:03 - SignalLogger - INFO - Nhận data: VNM, Giá: 63000.0, Thời gian: N/A
2025-09-19 14:00:03 - SignalLogger - INFO - Nhận data: VIC, Giá: 146000.0, Thời gian: N/A
2025-09-19 14:00:03 - SignalLogger - WARNING - Thông tin Telegram chưa được cấu hình. Bỏ qua việc gửi tin nhắn.
2025-09-19 14:00:03 - SignalLogger - INFO - Nhận data: SSI, Giá: 40800.0, Thời gian: N/A
2025-09-19 14:00:03 - SignalLogger - INFO - Nhận data: HPG, Giá: 29000.0, Thời gian: N/A
2025-09-19 14:00:03 - SignalLogger - INFO - Nhận data: MWG, Giá: 77800.0, Thời gian: N/A
2025-09-19 14:00:03 - SignalLogger - INFO - Nhận data: VCB, Giá: 63300.0, Thời gian: N/A
2025-09-19 14:00:04 - SignalLogger - INFO - Nhận data: ACB, Giá: 25400.0, Thời gian: N/A
2025-09-19 14:00:04 - SignalLogger - INFO - Nhận data: VNM, Giá: 63000.0, Thời gian: N/A
2025-09-19 14:00:04 - SignalLogger - INFO - Nhận data: VIC, Giá: 146000.0, Thời gian: N/A
2025-09-19 14:00:04 - SignalLogger - INFO - Nhận data: MSN, Giá: 83800.0, Thời gian: N/A
2025-09-19 14:00:04 - SignalLogger - INFO - Nhận data: SSI, Giá: 40800.0, Thời gian: N/A
2025-09-19 14:00:04 - SignalLogger - INFO - Nhận data: HPG, Giá: 29000.0, Thời gian: N/A
2025-09-19 14:00:04 - SignalLogger - INFO - Nhận data: MWG, Giá: 77800.0, Thời gian: N/A
2025-09-19 14:00:04 - SignalLogger - INFO - Nhận data: VND, Giá: 22750.0, Thời gian: N/A
2025-09-19 14:00:04 - SignalLogger - INFO - Nhận data: ACB, Giá: 25400.0, Thời gian: N/A
2025-09-19 14:00:04 - SignalLogger - INFO - Nhận data: VIC, Giá: 146000.0, Thời gian: N/A
2025-09-19 14:00:04 - SignalLogger - INFO - Nhận data: MWG, Giá: 77800.0, Thời gian: N/A
2025-09-19 14:00:04 - SignalLogger - INFO - Nhận data: SSI, Giá: 40800.0, Thời gian: N/A
2025-09-19 14:00:05 - SignalLogger - INFO - Nhận data: VNM, Giá: 63000.0, Thời gian: N/A
2025-09-19 14:00:05 - SignalLogger - INFO - Nhận data: VND, Giá: 22750.0, Thời gian: N/A
2025-09-19 14:00:05 - SignalLogger - INFO - Nhận data: ACB, Giá: 25350.0, Thời gian: N/A
2025-09-19 14:00:05 - SignalLogger - INFO - Nhận data: VIC, Giá: 146000.0, Thời gian: N/A
2025-09-19 14:00:05 - SignalLogger - INFO - Nhận data: SSI, Giá: 40800.0, Thời gian: N/A
2025-09-19 14:00:05 - SignalLogger - INFO - Nhận data: VNM, Giá: 63000.0, Thời gian: N/A
2025-09-19 14:00:05 - SignalLogger - INFO - Nhận data: VND, Giá: 22750.0, Thời gian: N/A
2025-09-19 14:00:05 - SignalLogger - INFO - Nhận data: ACB, Giá: 25400.0, Thời gian: N/A
2025-09-19 14:00:06 - SignalLogger - INFO - Nhận data: VND, Giá: 22750.0, Thời gian: N/A
2025-09-19 14:00:06 - SignalLogger - INFO - Nhận data: VND, Giá: 22750.0, Thời gian: N/A
2025-09-19 14:00:06 - SignalLogger - INFO - Nhận data: SSI, Giá: 40800.0, Thời gian: N/A
2025-09-19 14:00:06 - SignalLogger - INFO - Nhận data: VND, Giá: 22800.0, Thời gian: N/A
2025-09-19 14:00:06 - SignalLogger - INFO - Nhận data: SSI, Giá: 40850.0, Thời gian: N/A
2025-09-19 14:00:07 - SignalLogger - INFO - Nhận data: SSI, Giá: 40850.0, Thời gian: N/A
2025-09-19 14:00:07 - SignalLogger - WARNING - --- CẢNH BÁO TÍN HIỆU ---
 Cổ phiếu: VND
 Tín hiệu: Mua mới
 Giá hiện tại: 22800.0
 Chi tiết: Momentum (Stoch) và Trend (MACD) đều xác nhận mua.
 Thời gian: 2025-09-19 14:00:07
2025-09-19 14:00:07 - SignalLogger - WARNING - Thông tin Telegram chưa được cấu hình. Bỏ qua việc gửi tin nhắn.
2025-09-19 14:00:07 - SignalLogger - INFO - Nhận data: VND, Giá: 22800.0, Thời gian: N/A
2025-09-19 14:00:07 - SignalLogger - WARNING - --- CẢNH BÁO TÍN HIỆU ---
 Cổ phiếu: VND
 Tín hiệu: Cảnh báo rủi ro (dễ điều chỉnh)
 Giá hiện tại: 22800.0
 Chi tiết: RSI(85.55) quá mua nhưng xu hướng tăng vẫn còn rất mạnh (ADX=100.00).
 Thời gian: 2025-09-19 14:00:07
2025-09-19 14:00:07 - SignalLogger - INFO - Nhận data: VIC, Giá: 146100.0, Thời gian: N/A
2025-09-19 14:00:07 - SignalLogger - WARNING - Thông tin Telegram chưa được cấu hình. Bỏ qua việc gửi tin nhắn.
2025-09-19 14:00:07 - SignalLogger - INFO - Nhận data: VND, Giá: 22800.0, Thời gian: N/A
2025-09-19 14:00:07 - SignalLogger - WARNING - --- CẢNH BÁO TÍN HIỆU ---
 Cổ phiếu: VND
 Tín hiệu: Cảnh báo rủi ro (dễ điều chỉnh)
 Giá hiện tại: 22800.0
 Chi tiết: RSI(85.55) quá mua nhưng xu hướng tăng vẫn còn rất mạnh (ADX=100.00).
 Thời gian: 2025-09-19 14:00:07
2025-09-19 14:00:08 - SignalLogger - INFO - Nhận data: MWG, Giá: 77800.0, Thời gian: N/A
2025-09-19 14:00:08 - SignalLogger - WARNING - Thông tin Telegram chưa được cấu hình. Bỏ qua việc gửi tin nhắn.
2025-09-19 14:00:08 - SignalLogger - INFO - Nhận data: MWG, Giá: 77800.0, Thời gian: N/A
2025-09-19 14:00:08 - SignalLogger - INFO - Nhận data: VND, Giá: 22800.0, Thời gian: N/A
2025-09-19 14:00:09 - SignalLogger - INFO - Nhận data: MWG, Giá: 77800.0, Thời gian: N/A
2025-09-19 14:00:09 - SignalLogger - WARNING - --- CẢNH BÁO TÍN HIỆU ---
 Cổ phiếu: VND
 Tín hiệu: Cảnh báo rủi ro (dễ điều chỉnh)
 Giá hiện tại: 22800.0
 Chi tiết: RSI(85.55) quá mua nhưng xu hướng tăng vẫn còn rất mạnh (ADX=100.00).
 Thời gian: 2025-09-19 14:00:09
2025-09-19 14:00:09 - SignalLogger - INFO - Nhận data: MWG, Giá: 77800.0, Thời gian: N/A
2025-09-19 14:00:09 - SignalLogger - INFO - Nhận data: SSI, Giá: 40800.0, Thời gian: N/A
2025-09-19 14:00:09 - SignalLogger - WARNING - Thông tin Telegram chưa được cấu hình. Bỏ qua việc gửi tin nhắn.
2025-09-19 14:00:09 - SignalLogger - INFO - Nhận data: SSI, Giá: 40800.0, Thời gian: N/A
2025-09-19 14:00:09 - SignalLogger - INFO - Nhận data: SSI, Giá: 40800.0, Thời gian: N/A
2025-09-19 14:00:09 - SignalLogger - INFO - Nhận data: VND, Giá: 22800.0, Thời gian: N/A
2025-09-19 14:00:10 - SignalLogger - INFO - Nhận data: SSI, Giá: 40800.0, Thời gian: N/A
2025-09-19 14:00:10 - SignalLogger - WARNING - --- CẢNH BÁO TÍN HIỆU ---
 Cổ phiếu: VND
 Tín hiệu: Cảnh báo rủi ro (dễ điều chỉnh)
 Giá hiện tại: 22800.0
 Chi tiết: RSI(85.55) quá mua nhưng xu hướng tăng vẫn còn rất mạnh (ADX=100.00).
 Thời gian: 2025-09-19 14:00:10
2025-09-19 14:00:10 - SignalLogger - INFO - Nhận data: SSI, Giá: 40800.0, Thời gian: N/A
2025-09-19 14:00:10 - SignalLogger - INFO - Nhận data: MWG, Giá: 77800.0, Thời gian: N/A
2025-09-19 14:00:10 - SignalLogger - INFO - Nhận data: SSI, Giá: 40850.0, Thời gian: N/A
2025-09-19 14:00:10 - SignalLogger - INFO - Nhận data: MWG, Giá: 77800.0, Thời gian: N/A
2025-09-19 14:00:10 - SignalLogger - WARNING - Thông tin Telegram chưa được cấu hình. Bỏ qua việc gửi tin nhắn.
2025-09-19 14:00:10 - SignalLogger - INFO - Nhận data: MWG, Giá: 77800.0, Thời gian: N/A
2025-09-19 14:00:10 - SignalLogger - INFO - Nhận data: VND, Giá: 22800.0, Thời gian: N/A
2025-09-19 14:00:10 - SignalLogger - WARNING - --- CẢNH BÁO TÍN HIỆU ---
 Cổ phiếu: VND
 Tín hiệu: Cảnh báo rủi ro (dễ điều chỉnh)
 Giá hiện tại: 22800.0
 Chi tiết: RSI(85.55) quá mua nhưng xu hướng tăng vẫn còn rất mạnh (ADX=100.00).
 Thời gian: 2025-09-19 14:00:10
2025-09-19 14:00:10 - SignalLogger - INFO - Nhận data: VIC, Giá: 146000.0, Thời gian: N/A
2025-09-19 14:00:10 - SignalLogger - WARNING - Thông tin Telegram chưa được cấu hình. Bỏ qua việc gửi tin nhắn.
2025-09-19 14:00:10 - SignalLogger - INFO - Nhận data: VND, Giá: 22800.0, Thời gian: N/A
2025-09-19 14:00:10 - SignalLogger - WARNING - --- CẢNH BÁO TÍN HIỆU ---
 Cổ phiếu: VND
 Tín hiệu: Cảnh báo rủi ro (dễ điều chỉnh)
 Giá hiện tại: 22800.0
 Chi tiết: RSI(85.55) quá mua nhưng xu hướng tăng vẫn còn rất mạnh (ADX=100.00).
 Thời gian: 2025-09-19 14:00:10
2025-09-19 14:00:11 - SignalLogger - WARNING - Thông tin Telegram chưa được cấu hình. Bỏ qua việc gửi tin nhắn.
2025-09-19 14:00:11 - SignalLogger - INFO - Nhận data: VND, Giá: 22800.0, Thời gian: N/A
2025-09-19 14:00:11 - SignalLogger - WARNING - --- CẢNH BÁO TÍN HIỆU ---
 Cổ phiếu: VND
 Tín hiệu: Cảnh báo rủi ro (dễ điều chỉnh)
 Giá hiện tại: 22800.0
 Chi tiết: RSI(85.55) quá mua nhưng xu hướng tăng vẫn còn rất mạnh (ADX=100.00).
 Thời gian: 2025-09-19 14:00:11
2025-09-19 14:00:11 - SignalLogger - WARNING - Thông tin Telegram chưa được cấu hình. Bỏ qua việc gửi tin nhắn.
2025-09-19 14:00:11 - SignalLogger - INFO - Nhận data: VND, Giá: 22750.0, Thời gian: N/A
2025-09-19 14:00:11 - SignalLogger - INFO - Nhận data: VND, Giá: 22800.0, Thời gian: N/A
2025-09-19 14:00:11 - SignalLogger - INFO - Nhận data: VND, Giá: 22800.0, Thời gian: N/A
2025-09-19 14:00:11 - SignalLogger - INFO - Nhận data: VIC, Giá: 146000.0, Thời gian: N/A
2025-09-19 14:00:11 - SignalLogger - INFO - Nhận data: VND, Giá: 22750.0, Thời gian: N/A
2025-09-19 14:00:11 - SignalLogger - INFO - Nhận data: VND, Giá: 22750.0, Thời gian: N/A
2025-09-19 14:00:11 - SignalLogger - INFO - Nhận data: VND, Giá: 22750.0, Thời gian: N/A
2025-09-19 14:00:11 - SignalLogger - INFO - Nhận data: VND, Giá: 22750.0, Thời gian: N/A
2025-09-19 14:00:11 - SignalLogger - INFO - Nhận data: VND, Giá: 22750.0, Thời gian: N/A
2025-09-19 14:00:11 - SignalLogger - INFO - Nhận data: VND, Giá: 22750.0, Thời gian: N/A
2025-09-19 14:00:11 - SignalLogger - INFO - Nhận data: VND, Giá: 22750.0, Thời gian: N/A
2025-09-19 14:00:11 - SignalLogger - INFO - Nhận data: VND, Giá: 22750.0, Thời gian: N/A
2025-09-19 14:00:11 - SignalLogger - INFO - Nhận data: VND, Giá: 22750.0, Thời gian: N/A
2025-09-19 14:00:11 - SignalLogger - INFO - Nhận data: VND, Giá: 22750.0, Thời gian: N/A
2025-09-19 14:00:12 - SignalLogger - INFO - Nhận data: VIC, Giá: 146000.0, Thời gian: N/A
2025-09-19 14:00:12 - SignalLogger - INFO - Nhận data: VND, Giá: 22750.0, Thời gian: N/A
2025-09-19 14:00:12 - SignalLogger - INFO - Nhận data: HPG, Giá: 29000.0, Thời gian: N/A
2025-09-19 14:00:12 - SignalLogger - INFO - Nhận data: VNM, Giá: 62900.0, Thời gian: N/A
2025-09-19 14:00:12 - SignalLogger - INFO - Nhận data: VND, Giá: 22750.0, Thời gian: N/A
2025-09-19 14:00:12 - SignalLogger - INFO - Nhận data: VND, Giá: 22750.0, Thời gian: N/A
2025-09-19 14:00:12 - SignalLogger - INFO - Nhận data: VND, Giá: 22750.0, Thời gian: N/A
2025-09-19 14:00:12 - SignalLogger - INFO - Nhận data: VND, Giá: 22750.0, Thời gian: N/A
2025-09-19 14:00:12 - SignalLogger - INFO - Nhận data: VND, Giá: 22750.0, Thời gian: N/A
2025-09-19 14:00:12 - SignalLogger - INFO - Nhận data: VND, Giá: 22750.0, Thời gian: N/A
2025-09-19 14:00:12 - SignalLogger - INFO - Nhận data: VND, Giá: 22750.0, Thời gian: N/A
2025-09-19 14:00:12 - SignalLogger - INFO - Nhận data: VND, Giá: 22750.0, Thời gian: N/A
2025-09-19 14:00:12 - SignalLogger - INFO - Nhận data: VND, Giá: 22750.0, Thời gian: N/A
2025-09-19 14:00:12 - SignalLogger - INFO - Nhận data: VND, Giá: 22750.0, Thời gian: N/A
2025-09-19 14:00:12 - SignalLogger - INFO - Nhận data: VNM, Giá: 62900.0, Thời gian: N/A
2025-09-19 14:00:12 - SignalLogger - INFO - Nhận data: VND, Giá: 22750.0, Thời gian: N/A
2025-09-19 14:00:12 - SignalLogger - INFO - Nhận data: VND, Giá: 22750.0, Thời gian: N/A
2025-09-19 14:00:12 - SignalLogger - INFO - Nhận data: VND, Giá: 22750.0, Thời gian: N/A
2025-09-19 14:00:13 - SignalLogger - INFO - Nhận data: VND, Giá: 22750.0, Thời gian: N/A
2025-09-19 14:00:13 - SignalLogger - INFO - Nhận data: VND, Giá: 22750.0, Thời gian: N/A
2025-09-19 14:00:13 - SignalLogger - INFO - Nhận data: VND, Giá: 22750.0, Thời gian: N/A
2025-09-19 14:00:13 - SignalLogger - INFO - Nhận data: VND, Giá: 22750.0, Thời gian: N/A
2025-09-19 14:00:13 - SignalLogger - INFO - Nhận data: VND, Giá: 22750.0, Thời gian: N/A
2025-09-19 14:00:13 - SignalLogger - INFO - Nhận data: VND, Giá: 22750.0, Thời gian: N/A
2025-09-19 14:00:13 - SignalLogger - INFO - Nhận data: VND, Giá: 22750.0, Thời gian: N/A
2025-09-19 14:00:13 - SignalLogger - INFO - Nhận data: VND, Giá: 22750.0, Thời gian: N/A
2025-09-19 14:00:13 - SignalLogger - INFO - Nhận data: VND, Giá: 22750.0, Thời gian: N/A
2025-09-19 14:00:13 - SignalLogger - INFO - Nhận data: VND, Giá: 22750.0, Thời gian: N/A
2025-09-19 14:00:13 - SignalLogger - INFO - Nhận data: VND, Giá: 22750.0, Thời gian: N/A
2025-09-19 14:00:13 - SignalLogger - INFO - Nhận data: VND, Giá: 22750.0, Thời gian: N/A
2025-09-19 14:00:13 - SignalLogger - INFO - Nhận data: VND, Giá: 22750.0, Thời gian: N/A
2025-09-19 14:00:13 - SignalLogger - INFO - Nhận data: VND, Giá: 22750.0, Thời gian: N/A
2025-09-19 14:00:13 - SignalLogger - INFO - Nhận data: VND, Giá: 22750.0, Thời gian: N/A
2025-09-19 14:00:13 - SignalLogger - INFO - Nhận data: VND, Giá: 22750.0, Thời gian: N/A
2025-09-19 14:00:13 - SignalLogger - INFO - Nhận data: VND, Giá: 22750.0, Thời gian: N/A
2025-09-19 14:00:14 - SignalLogger - INFO - Nhận data: VND, Giá: 22750.0, Thời gian: N/A
2025-09-19 14:00:14 - SignalLogger - INFO - Nhận data: VND, Giá: 22750.0, Thời gian: N/A
2025-09-19 14:00:14 - SignalLogger - INFO - Nhận data: VND, Giá: 22750.0, Thời gian: N/A
2025-09-19 14:00:14 - SignalLogger - INFO - Nhận data: VND, Giá: 22750.0, Thời gian: N/A
2025-09-19 14:00:14 - SignalLogger - INFO - Nhận data: VND, Giá: 22750.0, Thời gian: N/A
2025-09-19 14:00:14 - SignalLogger - INFO - Nhận data: VND, Giá: 22750.0, Thời gian: N/A
2025-09-19 14:00:14 - SignalLogger - INFO - Nhận data: VND, Giá: 22750.0, Thời gian: N/A
2025-09-19 14:00:14 - SignalLogger - INFO - Nhận data: VND, Giá: 22750.0, Thời gian: N/A
2025-09-19 14:00:14 - SignalLogger - INFO - Nhận data: VND, Giá: 22750.0, Thời gian: N/A
2025-09-19 14:00:14 - SignalLogger - INFO - Nhận data: VND, Giá: 22750.0, Thời gian: N/A
2025-09-19 14:00:14 - SignalLogger - INFO - Nhận data: VND, Giá: 22750.0, Thời gian: N/A
2025-09-19 14:00:14 - SignalLogger - INFO - Nhận data: VND, Giá: 22750.0, Thời gian: N/A
2025-09-19 14:00:14 - SignalLogger - INFO - Nhận data: VND, Giá: 22750.0, Thời gian: N/A
2025-09-19 14:00:15 - SignalLogger - INFO - Nhận data: VND, Giá: 22750.0, Thời gian: N/A
2025-09-19 14:00:15 - SignalLogger - INFO - Nhận data: VND, Giá: 22750.0, Thời gian: N/A
2025-09-19 14:00:15 - SignalLogger - INFO - Nhận data: VND, Giá: 22750.0, Thời gian: N/A
2025-09-19 14:00:15 - SignalLogger - INFO - Nhận data: VND, Giá: 22750.0, Thời gian: N/A
2025-09-19 14:00:15 - SignalLogger - INFO - Nhận data: VND, Giá: 22750.0, Thời gian: N/A
2025-09-19 14:00:15 - SignalLogger - INFO - Nhận data: VND, Giá: 22750.0, Thời gian: N/A
2025-09-19 14:00:15 - SignalLogger - INFO - Nhận data: VND, Giá: 22750.0, Thời gian: N/A
2025-09-19 14:00:15 - SignalLogger - INFO - Nhận data: VND, Giá: 22750.0, Thời gian: N/A
2025-09-19 14:00:15 - SignalLogger - INFO - Nhận data: VND, Giá: 22750.0, Thời gian: N/A
2025-09-19 14:00:15 - SignalLogger - INFO - Nhận data: VND, Giá: 22750.0, Thời gian: N/A
2025-09-19 14:00:15 - SignalLogger - INFO - Nhận data: VND, Giá: 22750.0, Thời gian: N/A
2025-09-19 14:00:15 - SignalLogger - INFO - Nhận data: VND, Giá: 22750.0, Thời gian: N/A
2025-09-19 14:00:15 - SignalLogger - INFO - Nhận data: VND, Giá: 22750.0, Thời gian: N/A
2025-09-19 14:00:15 - SignalLogger - INFO - Nhận data: VND, Giá: 22750.0, Thời gian: N/A
2025-09-19 14:00:15 - SignalLogger - INFO - Nhận data: VND, Giá: 22750.0, Thời gian: N/A
2025-09-19 14:00:15 - SignalLogger - INFO - Nhận data: MSN, Giá: 83800.0, Thời gian: N/A
2025-09-19 14:00:15 - SignalLogger - INFO - Nhận data: VND, Giá: 22750.0, Thời gian: N/A
2025-09-19 14:00:15 - SignalLogger - INFO - Nhận data: VND, Giá: 22750.0, Thời gian: N/A
2025-09-19 14:00:15 - SignalLogger - INFO - Nhận data: VND, Giá: 22750.0, Thời gian: N/A
2025-09-19 14:00:15 - SignalLogger - INFO - Nhận data: VND, Giá: 22750.0, Thời gian: N/A
2025-09-19 14:00:15 - SignalLogger - INFO - Nhận data: VND, Giá: 22750.0, Thời gian: N/A
2025-09-19 14:00:15 - SignalLogger - INFO - Nhận data: VND, Giá: 22750.0, Thời gian: N/A
2025-09-19 14:00:15 - SignalLogger - INFO - Nhận data: VND, Giá: 22750.0, Thời gian: N/A
2025-09-19 14:00:16 - SignalLogger - INFO - Nhận data: MWG, Giá: 77800.0, Thời gian: N/A
2025-09-19 14:00:16 - SignalLogger - INFO - Nhận data: VND, Giá: 22750.0, Thời gian: N/A
2025-09-19 14:00:16 - SignalLogger - INFO - Nhận data: VND, Giá: 22750.0, Thời gian: N/A
2025-09-19 14:00:16 - SignalLogger - INFO - Nhận data: VND, Giá: 22750.0, Thời gian: N/A
2025-09-19 14:00:16 - SignalLogger - INFO - Nhận data: VND, Giá: 22750.0, Thời gian: N/A
2025-09-19 14:00:16 - SignalLogger - INFO - Nhận data: VND, Giá: 22750.0, Thời gian: N/A
2025-09-19 14:00:16 - SignalLogger - INFO - Nhận data: VND, Giá: 22750.0, Thời gian: N/A
2025-09-19 14:00:16 - SignalLogger - INFO - Nhận data: VND, Giá: 22750.0, Thời gian: N/A
2025-09-19 14:00:16 - SignalLogger - INFO - Nhận data: VND, Giá: 22750.0, Thời gian: N/A
2025-09-19 14:00:16 - SignalLogger - INFO - Nhận data: VND, Giá: 22750.0, Thời gian: N/A
2025-09-19 14:00:16 - SignalLogger - INFO - Nhận data: VND, Giá: 22750.0, Thời gian: N/A
2025-09-19 14:00:16 - SignalLogger - INFO - Nhận data: VND, Giá: 22750.0, Thời gian: N/A
2025-09-19 14:00:16 - SignalLogger - INFO - Nhận data: VND, Giá: 22750.0, Thời gian: N/A
2025-09-19 14:00:16 - SignalLogger - INFO - Nhận data: VND, Giá: 22750.0, Thời gian: N/A
2025-09-19 14:00:16 - SignalLogger - INFO - Nhận data: VND, Giá: 22750.0, Thời gian: N/A
2025-09-19 14:00:16 - SignalLogger - INFO - Nhận data: VND, Giá: 22750.0, Thời gian: N/A
2025-09-19 14:00:16 - SignalLogger - INFO - Nhận data: MWG, Giá: 77800.0, Thời gian: N/A
2025-09-19 14:00:16 - SignalLogger - INFO - Nhận data: VND, Giá: 22750.0, Thời gian: N/A
2025-09-19 14:00:16 - SignalLogger - INFO - Nhận data: MWG, Giá: 77800.0, Thời gian: N/A
2025-09-19 14:00:16 - SignalLogger - INFO - Nhận data: VND, Giá: 22750.0, Thời gian: N/A
2025-09-19 14:00:16 - SignalLogger - INFO - Nhận data: MWG, Giá: 77800.0, Thời gian: N/A
2025-09-19 14:00:16 - SignalLogger - INFO - Nhận data: VND, Giá: 22750.0, Thời gian: N/A
2025-09-19 14:00:17 - SignalLogger - INFO - Nhận data: VND, Giá: 22750.0, Thời gian: N/A
2025-09-19 14:00:17 - SignalLogger - INFO - Nhận data: SSI, Giá: 40800.0, Thời gian: N/A
2025-09-19 14:00:17 - SignalLogger - INFO - Nhận data: VND, Giá: 22750.0, Thời gian: N/A
2025-09-19 14:00:17 - SignalLogger - INFO - Nhận data: VND, Giá: 22750.0, Thời gian: N/A
2025-09-19 14:00:17 - SignalLogger - INFO - Nhận data: SSI, Giá: 40800.0, Thời gian: N/A
2025-09-19 14:00:17 - SignalLogger - INFO - Nhận data: SSI, Giá: 40850.0, Thời gian: N/A
2025-09-19 14:00:17 - SignalLogger - INFO - Nhận data: VND, Giá: 22750.0, Thời gian: N/A
2025-09-19 14:00:17 - SignalLogger - INFO - Nhận data: SSI, Giá: 40800.0, Thời gian: N/A
2025-09-19 14:00:17 - SignalLogger - INFO - Nhận data: VND, Giá: 22750.0, Thời gian: N/A
2025-09-19 14:00:17 - SignalLogger - INFO - Nhận data: MWG, Giá: 77800.0, Thời gian: N/A
2025-09-19 14:00:17 - SignalLogger - INFO - Nhận data: VND, Giá: 22750.0, Thời gian: N/A
2025-09-19 14:00:17 - SignalLogger - INFO - Nhận data: VND, Giá: 22750.0, Thời gian: N/A
2025-09-19 14:00:17 - SignalLogger - INFO - Nhận data: MWG, Giá: 77800.0, Thời gian: N/A
2025-09-19 14:00:17 - SignalLogger - INFO - Nhận data: VND, Giá: 22750.0, Thời gian: N/A
2025-09-19 14:00:17 - SignalLogger - INFO - Nhận data: VND, Giá: 22750.0, Thời gian: N/A
2025-09-19 14:00:17 - SignalLogger - INFO - Nhận data: VND, Giá: 22750.0, Thời gian: N/A
2025-09-19 14:00:18 - SignalLogger - INFO - Nhận data: VND, Giá: 22750.0, Thời gian: N/A
2025-09-19 14:00:18 - SignalLogger - INFO - Nhận data: VND, Giá: 22750.0, Thời gian: N/A
2025-09-19 14:00:18 - SignalLogger - INFO - Nhận data: VND, Giá: 22750.0, Thời gian: N/A
2025-09-19 14:00:18 - SignalLogger - INFO - Nhận data: VND, Giá: 22750.0, Thời gian: N/A
2025-09-19 14:00:18 - SignalLogger - INFO - Nhận data: VND, Giá: 22750.0, Thời gian: N/A
2025-09-19 14:00:18 - SignalLogger - INFO - Nhận data: VND, Giá: 22750.0, Thời gian: N/A
2025-09-19 14:00:18 - SignalLogger - INFO - Nhận data: ACB, Giá: 25400.0, Thời gian: N/A
2025-09-19 14:00:18 - SignalLogger - INFO - Nhận data: VND, Giá: 22750.0, Thời gian: N/A
2025-09-19 14:00:18 - SignalLogger - INFO - Nhận data: VND, Giá: 22750.0, Thời gian: N/A
2025-09-19 14:00:18 - SignalLogger - INFO - Nhận data: VND, Giá: 22750.0, Thời gian: N/A
2025-09-19 14:00:18 - SignalLogger - INFO - Nhận data: VND, Giá: 22750.0, Thời gian: N/A
2025-09-19 14:00:18 - SignalLogger - INFO - Nhận data: VND, Giá: 22750.0, Thời gian: N/A
2025-09-19 14:00:18 - SignalLogger - INFO - Nhận data: VND, Giá: 22750.0, Thời gian: N/A
2025-09-19 14:00:18 - SignalLogger - INFO - Nhận data: VND, Giá: 22750.0, Thời gian: N/A
2025-09-19 14:00:18 - SignalLogger - INFO - Nhận data: VND, Giá: 22750.0, Thời gian: N/A
2025-09-19 14:00:18 - SignalLogger - INFO - Nhận data: VND, Giá: 22750.0, Thời gian: N/A
2025-09-19 14:00:18 - SignalLogger - INFO - Nhận data: VND, Giá: 22750.0, Thời gian: N/A
2025-09-19 14:00:18 - SignalLogger - INFO - Nhận data: VND, Giá: 22750.0, Thời gian: N/A
2025-09-19 14:00:18 - SignalLogger - INFO - Nhận data: VIC, Giá: 146000.0, Thời gian: N/A
2025-09-19 14:00:18 - SignalLogger - INFO - Nhận data: HPG, Giá: 28950.0, Thời gian: N/A
2025-09-19 14:00:18 - SignalLogger - INFO - Nhận data: VND, Giá: 22750.0, Thời gian: N/A
2025-09-19 14:00:18 - SignalLogger - INFO - Nhận data: VND, Giá: 22750.0, Thời gian: N/A
2025-09-19 14:00:18 - SignalLogger - INFO - Nhận data: VIC, Giá: 146000.0, Thời gian: N/A
2025-09-19 14:00:19 - SignalLogger - INFO - Nhận data: VND, Giá: 22750.0, Thời gian: N/A
2025-09-19 14:00:19 - SignalLogger - INFO - Nhận data: VNM, Giá: 62900.0, Thời gian: N/A
2025-09-19 14:00:19 - SignalLogger - INFO - Nhận data: HPG, Giá: 28950.0, Thời gian: N/A
2025-09-19 14:00:19 - SignalLogger - INFO - Nhận data: VND, Giá: 22750.0, Thời gian: N/A
2025-09-19 14:00:19 - SignalLogger - INFO - Nhận data: VCB, Giá: 63200.0, Thời gian: N/A
2025-09-19 14:00:19 - SignalLogger - INFO - Nhận data: MSN, Giá: 83900.0, Thời gian: N/A
2025-09-19 14:00:19 - SignalLogger - INFO - Nhận data: VND, Giá: 22750.0, Thời gian: N/A
2025-09-19 14:00:19 - SignalLogger - INFO - Nhận data: VNM, Giá: 62900.0, Thời gian: N/A
2025-09-19 14:00:19 - SignalLogger - INFO - Nhận data: VND, Giá: 22750.0, Thời gian: N/A
2025-09-19 14:00:19 - SignalLogger - INFO - Nhận data: VIC, Giá: 146000.0, Thời gian: N/A
2025-09-19 14:00:19 - SignalLogger - INFO - Nhận data: SSI, Giá: 40800.0, Thời gian: N/A
2025-09-19 14:00:19 - SignalLogger - INFO - Nhận data: VND, Giá: 22750.0, Thời gian: N/A
2025-09-19 14:00:19 - SignalLogger - INFO - Nhận data: VND, Giá: 22750.0, Thời gian: N/A
2025-09-19 14:00:19 - SignalLogger - INFO - Nhận data: VND, Giá: 22750.0, Thời gian: N/A
2025-09-19 14:00:19 - SignalLogger - INFO - Nhận data: VND, Giá: 22750.0, Thời gian: N/A
2025-09-19 14:00:19 - SignalLogger - INFO - Nhận data: VND, Giá: 22750.0, Thời gian: N/A
2025-09-19 14:00:19 - SignalLogger - INFO - Nhận data: VND, Giá: 22750.0, Thời gian: N/A
2025-09-19 14:00:19 - SignalLogger - INFO - Nhận data: SSI, Giá: 40850.0, Thời gian: N/A
2025-09-19 14:00:19 - SignalLogger - INFO - Nhận data: VND, Giá: 22750.0, Thời gian: N/A
2025-09-19 14:00:19 - SignalLogger - INFO - Nhận data: VND, Giá: 22750.0, Thời gian: N/A
2025-09-19 14:00:19 - SignalLogger - INFO - Nhận data: VND, Giá: 22750.0, Thời gian: N/A
2025-09-19 14:00:19 - SignalLogger - INFO - Nhận data: VND, Giá: 22750.0, Thời gian: N/A
2025-09-19 14:00:19 - SignalLogger - INFO - Nhận data: VND, Giá: 22750.0, Thời gian: N/A
2025-09-19 14:00:19 - SignalLogger - INFO - Nhận data: VND, Giá: 22750.0, Thời gian: N/A
2025-09-19 14:00:19 - SignalLogger - INFO - Nhận data: VND, Giá: 22750.0, Thời gian: N/A
2025-09-19 14:00:19 - SignalLogger - INFO - Nhận data: VND, Giá: 22750.0, Thời gian: N/A
2025-09-19 14:00:19 - SignalLogger - INFO - Nhận data: VND, Giá: 22750.0, Thời gian: N/A
2025-09-19 14:00:19 - SignalLogger - INFO - Nhận data: VND, Giá: 22750.0, Thời gian: N/A
